Job started on server1 at Tue Feb 17 09:43:17 PM KST 2026
CUDA_VISIBLE_DEVICES=0,1,2
GPU 0: NVIDIA RTX A5000 (UUID: GPU-f411cc27-8b1b-872b-45e8-d981ad07efac)
GPU 1: NVIDIA RTX A5000 (UUID: GPU-a792101e-894b-2a35-89fd-d11e1db52899)
GPU 2: NVIDIA RTX A5000 (UUID: GPU-0419b0c5-28d5-d3c3-b641-5b0ae0dfd5bf)
[TRAIN.SH] Running LPF Check...
[INFO] Using LPF settings from configs/baseline.yaml: Cutoff=0.5Hz, Order=4
[INFO] Analyzing subject: S004 from combined_data.h5
Saved filtered_velocity/S004_accel_sine_lpf_0.5Hz.png
Saved filtered_velocity/S004_decline_5deg_lpf_0.5Hz.png
Saved filtered_velocity/S004_incline_10deg_lpf_0.5Hz.png
Saved filtered_velocity/S004_level_075mps_lpf_0.5Hz.png
Saved filtered_velocity/S004_level_100mps_lpf_0.5Hz.png
Saved filtered_velocity/S004_level_125mps_lpf_0.5Hz.png
Saved filtered_velocity/S004_stopandgo_lpf_0.5Hz.png
[setup] Detected 3 GPUs allocated by SLURM.
[SCHEDULER] Starting queue (20 items).
[SCHEDULER] Launching Exp_IMU_Orientation.yaml on GPU 0
[SCHEDULER] Launching baseline.yaml on GPU 1
[SCHEDULER] Launching exp_ar_feedback_k1.yaml on GPU 2
[SCHEDULER] GPU 2 job finished.
[SCHEDULER] Launching exp_ar_feedback_sched.yaml on GPU 2
[SCHEDULER] GPU 2 job finished.
[SCHEDULER] Launching exp_multistep_H05.yaml on GPU 2
[SCHEDULER] GPU 1 job finished.
[SCHEDULER] Launching exp_multistep_H10.yaml on GPU 1
[SCHEDULER] GPU 0 job finished.
[SCHEDULER] Launching exp_multistep_H10_ema_a090.yaml on GPU 0
[SCHEDULER] GPU 1 job finished.
[SCHEDULER] Launching exp_multistep_H10_overlap_mean.yaml on GPU 1
[SCHEDULER] GPU 0 job finished.
[SCHEDULER] Launching exp_multistep_H10_overlap_median.yaml on GPU 0
[SCHEDULER] GPU 2 job finished.
[SCHEDULER] Launching exp_multistep_H10_overlap_wmean.yaml on GPU 2
[SCHEDULER] GPU 1 job finished.
[SCHEDULER] Launching exp_multistep_H10_smooth_lam001.yaml on GPU 1
[SCHEDULER] GPU 0 job finished.
[SCHEDULER] Launching exp_multistep_H10_smooth_lam01.yaml on GPU 0
[SCHEDULER] GPU 2 job finished.
[SCHEDULER] Launching exp_multistep_H10_smooth_lam05.yaml on GPU 2
[SCHEDULER] GPU 1 job finished.
[SCHEDULER] Launching exp_multistep_H20.yaml on GPU 1
[SCHEDULER] GPU 0 job finished.
[SCHEDULER] Launching exp_single_ema_a080.yaml on GPU 0
[SCHEDULER] GPU 2 job finished.
[SCHEDULER] Launching exp_single_ema_a090.yaml on GPU 2
[SCHEDULER] GPU 1 job finished.
[SCHEDULER] Launching exp_single_ema_a095.yaml on GPU 1
[SCHEDULER] GPU 0 job finished.
[SCHEDULER] Launching exp_tcn_gru_head_h32.yaml on GPU 0
[SCHEDULER] GPU 2 job finished.
[SCHEDULER] Launching exp_tcn_gru_head_h32_smooth.yaml on GPU 2
[SCHEDULER] GPU 1 job finished.
[SCHEDULER] Launching exp_tcn_gru_head_h64.yaml on GPU 1
[SCHEDULER] GPU 0 job finished.
[SCHEDULER] GPU 2 job finished.
[SCHEDULER] GPU 1 job finished.
[SCHEDULER] All training jobs finished. Starting comparison...
No display found. Using non-interactive Agg backend.
[INFO] Resources optimized: 1 GPU, 16 CPU Threads max.
[AUTO] Searching for all subfolders in experiments
[AUTO] Found 57 experiments to analyze.

============================================================
[EVAL] exp_tcn_gru_head_h32_Test-m2_S008_seed42
[EVAL] Config: configs/exp_tcn_gru_head_h32.yaml
Skipping exp_tcn_gru_head_h32_Test-m2_S008_seed42: Missing input/output vars in config.

============================================================
[EVAL] baseline_Test-m1_S004_seed42
[EVAL] Config: configs/baseline.yaml
[EVAL] Data: win_in=300, win_out=1, stride_train=5, stride_eval=1
[EVAL] est_tick_ranges=[5], lpf_cutoff=0.5, lpf_order=4
[EVAL] Loading Test Data for Subject m1_S004...
[DATA] Loading Multi-Source: keys=['m1_', 'm2_']
  -> Source 'm1_': ./combined_data_milestone1.h5 | Subs: 1
     Loaded 6 trials
[EVAL] Applying scaler from experiments/baseline_Test-m1_S004_seed42/scaler.npz (mean shape=(30,))
[ERROR] Failed to evaluate baseline_Test-m1_S004_seed42: local variable 'model_norm_type' referenced before assignment

============================================================
[EVAL] exp_multistep_H10_overlap_wmean_Test-m1_S011_seed42
[EVAL] Config: configs/exp_multistep_H10_overlap_wmean.yaml
Skipping exp_multistep_H10_overlap_wmean_Test-m1_S011_seed42: Missing input/output vars in config.

============================================================
[EVAL] exp_ar_feedback_k1_Test-m1_S004_seed42
[EVAL] Config: configs/exp_ar_feedback_k1.yaml
Skipping exp_ar_feedback_k1_Test-m1_S004_seed42: Missing input/output vars in config.

============================================================
[EVAL] exp_multistep_H05_Test-m1_S011_seed42
[EVAL] Config: configs/exp_multistep_H05.yaml
Skipping exp_multistep_H05_Test-m1_S011_seed42: Missing input/output vars in config.

============================================================
[EVAL] exp_multistep_H10_ema_a090_Test-m1_S004_seed42
[EVAL] Config: configs/exp_multistep_H10_ema_a090.yaml
Skipping exp_multistep_H10_ema_a090_Test-m1_S004_seed42: Missing input/output vars in config.

============================================================
[EVAL] exp_multistep_H10_smooth_lam001_Test-m1_S011_seed42
[EVAL] Config: configs/exp_multistep_H10_smooth_lam001.yaml
Skipping exp_multistep_H10_smooth_lam001_Test-m1_S011_seed42: Missing input/output vars in config.

============================================================
[EVAL] exp_multistep_H10_Test-m1_S004_seed42
[EVAL] Config: configs/exp_multistep_H10.yaml
Skipping exp_multistep_H10_Test-m1_S004_seed42: Missing input/output vars in config.

============================================================
[EVAL] exp_multistep_H10_overlap_mean_Test-m2_S008_seed42
[EVAL] Config: configs/exp_multistep_H10_overlap_mean.yaml
Skipping exp_multistep_H10_overlap_mean_Test-m2_S008_seed42: Missing input/output vars in config.

============================================================
[EVAL] exp_tcn_gru_head_h32_Test-m1_S011_seed42
[EVAL] Config: configs/exp_tcn_gru_head_h32.yaml
Skipping exp_tcn_gru_head_h32_Test-m1_S011_seed42: Missing input/output vars in config.

============================================================
[EVAL] exp_single_ema_a080_Test-m2_S008_seed42
[EVAL] Config: configs/exp_single_ema_a080.yaml
Skipping exp_single_ema_a080_Test-m2_S008_seed42: Missing input/output vars in config.

============================================================
[EVAL] baseline_Test-m2_S008_seed42
[EVAL] Config: configs/baseline.yaml
[EVAL] Data: win_in=300, win_out=1, stride_train=5, stride_eval=1
[EVAL] est_tick_ranges=[5], lpf_cutoff=0.5, lpf_order=4
[EVAL] Loading Test Data for Subject m2_S008...
[DATA] Loading Multi-Source: keys=['m1_', 'm2_']
  -> Source 'm2_': ./combined_data.h5 | Subs: 1
     Loaded 20 trials
[EVAL] Applying scaler from experiments/baseline_Test-m2_S008_seed42/scaler.npz (mean shape=(30,))
[ERROR] Failed to evaluate baseline_Test-m2_S008_seed42: local variable 'model_norm_type' referenced before assignment

============================================================
[EVAL] exp_tcn_gru_head_h32_smooth_Test-m2_S008_seed42
[EVAL] Config: configs/exp_tcn_gru_head_h32_smooth.yaml
Skipping exp_tcn_gru_head_h32_smooth_Test-m2_S008_seed42: Missing input/output vars in config.

============================================================
[EVAL] Exp_IMU_Orientation_Test-m1_S011_seed42
[EVAL] Config: configs/Exp_IMU_Orientation.yaml
Skipping Exp_IMU_Orientation_Test-m1_S011_seed42: Missing input/output vars in config.

============================================================
[EVAL] exp_multistep_H10_smooth_lam01_Test-m1_S004_seed42
[EVAL] Config: configs/exp_multistep_H10_smooth_lam01.yaml
Skipping exp_multistep_H10_smooth_lam01_Test-m1_S004_seed42: Missing input/output vars in config.

============================================================
[EVAL] exp_multistep_H10_ema_a090_Test-m1_S011_seed42
[EVAL] Config: configs/exp_multistep_H10_ema_a090.yaml
Skipping exp_multistep_H10_ema_a090_Test-m1_S011_seed42: Missing input/output vars in config.

============================================================
[EVAL] exp_multistep_H10_smooth_lam05_Test-m1_S004_seed42
[EVAL] Config: configs/exp_multistep_H10_smooth_lam05.yaml
Skipping exp_multistep_H10_smooth_lam05_Test-m1_S004_seed42: Missing input/output vars in config.

============================================================
[EVAL] exp_multistep_H05_Test-m2_S008_seed42
[EVAL] Config: configs/exp_multistep_H05.yaml
Skipping exp_multistep_H05_Test-m2_S008_seed42: Missing input/output vars in config.

============================================================
[EVAL] exp_multistep_H10_smooth_lam05_Test-m2_S008_seed42
[EVAL] Config: configs/exp_multistep_H10_smooth_lam05.yaml
Skipping exp_multistep_H10_smooth_lam05_Test-m2_S008_seed42: Missing input/output vars in config.

============================================================
[EVAL] exp_single_ema_a080_Test-m1_S004_seed42
[EVAL] Config: configs/exp_single_ema_a080.yaml
Skipping exp_single_ema_a080_Test-m1_S004_seed42: Missing input/output vars in config.

============================================================
[EVAL] exp_multistep_H10_smooth_lam001_Test-m1_S004_seed42
[EVAL] Config: configs/exp_multistep_H10_smooth_lam001.yaml
Skipping exp_multistep_H10_smooth_lam001_Test-m1_S004_seed42: Missing input/output vars in config.

============================================================
[EVAL] exp_tcn_gru_head_h32_Test-m1_S004_seed42
[EVAL] Config: configs/exp_tcn_gru_head_h32.yaml
Skipping exp_tcn_gru_head_h32_Test-m1_S004_seed42: Missing input/output vars in config.

============================================================
[EVAL] exp_multistep_H10_smooth_lam05_Test-m1_S011_seed42
[EVAL] Config: configs/exp_multistep_H10_smooth_lam05.yaml
Skipping exp_multistep_H10_smooth_lam05_Test-m1_S011_seed42: Missing input/output vars in config.

============================================================
[EVAL] Exp_IMU_Orientation_Test-m2_S008_seed42
[EVAL] Config: configs/Exp_IMU_Orientation.yaml
Skipping Exp_IMU_Orientation_Test-m2_S008_seed42: Missing input/output vars in config.

============================================================
[EVAL] exp_multistep_H10_overlap_wmean_Test-m2_S008_seed42
[EVAL] Config: configs/exp_multistep_H10_overlap_wmean.yaml
Skipping exp_multistep_H10_overlap_wmean_Test-m2_S008_seed42: Missing input/output vars in config.

============================================================
[EVAL] exp_multistep_H10_overlap_wmean_Test-m1_S004_seed42
[EVAL] Config: configs/exp_multistep_H10_overlap_wmean.yaml
Skipping exp_multistep_H10_overlap_wmean_Test-m1_S004_seed42: Missing input/output vars in config.

============================================================
[EVAL] exp_single_ema_a095_Test-m1_S004_seed42
[EVAL] Config: configs/exp_single_ema_a095.yaml
Skipping exp_single_ema_a095_Test-m1_S004_seed42: Missing input/output vars in config.

============================================================
[EVAL] exp_multistep_H10_smooth_lam001_Test-m2_S008_seed42
[EVAL] Config: configs/exp_multistep_H10_smooth_lam001.yaml
Skipping exp_multistep_H10_smooth_lam001_Test-m2_S008_seed42: Missing input/output vars in config.

============================================================
[EVAL] exp_tcn_gru_head_h32_smooth_Test-m1_S011_seed42
[EVAL] Config: configs/exp_tcn_gru_head_h32_smooth.yaml
Skipping exp_tcn_gru_head_h32_smooth_Test-m1_S011_seed42: Missing input/output vars in config.

============================================================
[EVAL] exp_tcn_gru_head_h64_Test-m1_S011_seed42
[EVAL] Config: configs/exp_tcn_gru_head_h64.yaml
Skipping exp_tcn_gru_head_h64_Test-m1_S011_seed42: Missing input/output vars in config.

============================================================
[EVAL] exp_tcn_gru_head_h32_smooth_Test-m1_S004_seed42
[EVAL] Config: configs/exp_tcn_gru_head_h32_smooth.yaml
Skipping exp_tcn_gru_head_h32_smooth_Test-m1_S004_seed42: Missing input/output vars in config.

============================================================
[EVAL] exp_multistep_H10_ema_a090_Test-m2_S008_seed42
[EVAL] Config: configs/exp_multistep_H10_ema_a090.yaml
Skipping exp_multistep_H10_ema_a090_Test-m2_S008_seed42: Missing input/output vars in config.

============================================================
[EVAL] exp_single_ema_a095_Test-m2_S008_seed42
[EVAL] Config: configs/exp_single_ema_a095.yaml
Skipping exp_single_ema_a095_Test-m2_S008_seed42: Missing input/output vars in config.

============================================================
[EVAL] exp_tcn_gru_head_h64_Test-m2_S008_seed42
[EVAL] Config: configs/exp_tcn_gru_head_h64.yaml
Skipping exp_tcn_gru_head_h64_Test-m2_S008_seed42: Missing input/output vars in config.

============================================================
[EVAL] exp_single_ema_a090_Test-m1_S011_seed42
[EVAL] Config: configs/exp_single_ema_a090.yaml
Skipping exp_single_ema_a090_Test-m1_S011_seed42: Missing input/output vars in config.

============================================================
[EVAL] exp_single_ema_a095_Test-m1_S011_seed42
[EVAL] Config: configs/exp_single_ema_a095.yaml
Skipping exp_single_ema_a095_Test-m1_S011_seed42: Missing input/output vars in config.

============================================================
[EVAL] exp_multistep_H10_smooth_lam01_Test-m2_S008_seed42
[EVAL] Config: configs/exp_multistep_H10_smooth_lam01.yaml
Skipping exp_multistep_H10_smooth_lam01_Test-m2_S008_seed42: Missing input/output vars in config.

============================================================
[EVAL] exp_multistep_H05_Test-m1_S004_seed42
[EVAL] Config: configs/exp_multistep_H05.yaml
Skipping exp_multistep_H05_Test-m1_S004_seed42: Missing input/output vars in config.

============================================================
[EVAL] exp_multistep_H10_overlap_mean_Test-m1_S004_seed42
[EVAL] Config: configs/exp_multistep_H10_overlap_mean.yaml
Skipping exp_multistep_H10_overlap_mean_Test-m1_S004_seed42: Missing input/output vars in config.

============================================================
[EVAL] exp_tcn_gru_head_h64_Test-m1_S004_seed42
[EVAL] Config: configs/exp_tcn_gru_head_h64.yaml
Skipping exp_tcn_gru_head_h64_Test-m1_S004_seed42: Missing input/output vars in config.

============================================================
[EVAL] exp_multistep_H10_overlap_median_Test-m1_S004_seed42
[EVAL] Config: configs/exp_multistep_H10_overlap_median.yaml
Skipping exp_multistep_H10_overlap_median_Test-m1_S004_seed42: Missing input/output vars in config.

============================================================
[EVAL] exp_multistep_H20_Test-m1_S011_seed42
[EVAL] Config: configs/exp_multistep_H20.yaml
Skipping exp_multistep_H20_Test-m1_S011_seed42: Missing input/output vars in config.

============================================================
[EVAL] exp_ar_feedback_sched_Test-m1_S004_seed42
[EVAL] Config: configs/exp_ar_feedback_sched.yaml
Skipping exp_ar_feedback_sched_Test-m1_S004_seed42: Missing input/output vars in config.

============================================================
[EVAL] exp_single_ema_a090_Test-m2_S008_seed42
[EVAL] Config: configs/exp_single_ema_a090.yaml
Skipping exp_single_ema_a090_Test-m2_S008_seed42: Missing input/output vars in config.

============================================================
[EVAL] exp_single_ema_a090_Test-m1_S004_seed42
[EVAL] Config: configs/exp_single_ema_a090.yaml
Skipping exp_single_ema_a090_Test-m1_S004_seed42: Missing input/output vars in config.

============================================================
[EVAL] exp_single_ema_a080_Test-m1_S011_seed42
[EVAL] Config: configs/exp_single_ema_a080.yaml
Skipping exp_single_ema_a080_Test-m1_S011_seed42: Missing input/output vars in config.

============================================================
[EVAL] exp_multistep_H10_Test-m1_S011_seed42
[EVAL] Config: configs/exp_multistep_H10.yaml
Skipping exp_multistep_H10_Test-m1_S011_seed42: Missing input/output vars in config.

============================================================
[EVAL] exp_multistep_H10_overlap_median_Test-m1_S011_seed42
[EVAL] Config: configs/exp_multistep_H10_overlap_median.yaml
Skipping exp_multistep_H10_overlap_median_Test-m1_S011_seed42: Missing input/output vars in config.

============================================================
[EVAL] exp_multistep_H10_overlap_median_Test-m2_S008_seed42
[EVAL] Config: configs/exp_multistep_H10_overlap_median.yaml
Skipping exp_multistep_H10_overlap_median_Test-m2_S008_seed42: Missing input/output vars in config.

============================================================
[EVAL] Exp_IMU_Orientation_Test-m1_S004_seed42
[EVAL] Config: configs/Exp_IMU_Orientation.yaml
Skipping Exp_IMU_Orientation_Test-m1_S004_seed42: Missing input/output vars in config.

============================================================
[EVAL] exp_multistep_H10_Test-m2_S008_seed42
[EVAL] Config: configs/exp_multistep_H10.yaml
Skipping exp_multistep_H10_Test-m2_S008_seed42: Missing input/output vars in config.

============================================================
[EVAL] exp_multistep_H10_smooth_lam01_Test-m1_S011_seed42
[EVAL] Config: configs/exp_multistep_H10_smooth_lam01.yaml
Skipping exp_multistep_H10_smooth_lam01_Test-m1_S011_seed42: Missing input/output vars in config.
[WARN] Global config configs/Exp_IMU_Orientation_DryRun.yaml not found. Using local: experiments/Exp_IMU_Orientation_DryRun_Test-m2_S003_seed42/config.yaml

============================================================
[EVAL] Exp_IMU_Orientation_DryRun_Test-m2_S003_seed42
[EVAL] Config: configs/Exp_IMU_Orientation_DryRun.yaml
[EVAL] Data: win_in=300, win_out=1, stride_train=5, stride_eval=1
[EVAL] est_tick_ranges=[5], lpf_cutoff=0.5, lpf_order=4
[EVAL] Loading Test Data for Subject m2_S003...
[DATA] Loading Multi-Source: keys=['m1_', 'm2_']
  -> Source 'm2_': ./combined_data.h5 | Subs: 1
     Loaded 21 trials
[EVAL] Applying scaler from experiments/Exp_IMU_Orientation_DryRun_Test-m2_S003_seed42/scaler.npz (mean shape=(28,))
[ERROR] Failed to evaluate Exp_IMU_Orientation_DryRun_Test-m2_S003_seed42: local variable 'model_norm_type' referenced before assignment

============================================================
[EVAL] exp_multistep_H20_Test-m1_S004_seed42
[EVAL] Config: configs/exp_multistep_H20.yaml
Skipping exp_multistep_H20_Test-m1_S004_seed42: Missing input/output vars in config.

============================================================
[EVAL] exp_multistep_H10_overlap_mean_Test-m1_S011_seed42
[EVAL] Config: configs/exp_multistep_H10_overlap_mean.yaml
Skipping exp_multistep_H10_overlap_mean_Test-m1_S011_seed42: Missing input/output vars in config.

============================================================
[EVAL] exp_multistep_H20_Test-m2_S008_seed42
[EVAL] Config: configs/exp_multistep_H20.yaml
Skipping exp_multistep_H20_Test-m2_S008_seed42: Missing input/output vars in config.

============================================================
[EVAL] baseline_Test-m1_S011_seed42
[EVAL] Config: configs/baseline.yaml
[EVAL] Data: win_in=300, win_out=1, stride_train=5, stride_eval=1
[EVAL] est_tick_ranges=[5], lpf_cutoff=0.5, lpf_order=4
[EVAL] Loading Test Data for Subject m1_S011...
[DATA] Loading Multi-Source: keys=['m1_', 'm2_']
  -> Source 'm1_': ./combined_data_milestone1.h5 | Subs: 1
     Loaded 6 trials
[EVAL] Applying scaler from experiments/baseline_Test-m1_S011_seed42/scaler.npz (mean shape=(30,))
[ERROR] Failed to evaluate baseline_Test-m1_S011_seed42: local variable 'model_norm_type' referenced before assignment

[INFO] Generating detailed reports for 0 results...
Starting Ablation Analysis Report...
Found 57 potential experiment folders.
[1/57] Evaluating Exp_IMU_Orientation_DryRun_Test-m2_S003_seed42...
[WARN] Global config configs/Exp_IMU_Orientation_DryRun.yaml not found. Using local: experiments/Exp_IMU_Orientation_DryRun_Test-m2_S003_seed42/config.yaml

============================================================
[EVAL] Exp_IMU_Orientation_DryRun_Test-m2_S003_seed42
[EVAL] Config: configs/Exp_IMU_Orientation_DryRun.yaml
[EVAL] Data: win_in=300, win_out=1, stride_train=5, stride_eval=1
[EVAL] est_tick_ranges=[5], lpf_cutoff=0.5, lpf_order=4
[EVAL] Loading Test Data for Subject m2_S003...
[DATA] Loading Multi-Source: keys=['m1_', 'm2_']
  -> Source 'm2_': ./combined_data.h5 | Subs: 1
     Loaded 21 trials
[EVAL] Applying scaler from experiments/Exp_IMU_Orientation_DryRun_Test-m2_S003_seed42/scaler.npz (mean shape=(28,))
  [ERROR] Failed to evaluate Exp_IMU_Orientation_DryRun_Test-m2_S003_seed42: local variable 'model_norm_type' referenced before assignment
[2/57] Evaluating Exp_IMU_Orientation_Test-m1_S004_seed42...

============================================================
[EVAL] Exp_IMU_Orientation_Test-m1_S004_seed42
[EVAL] Config: configs/Exp_IMU_Orientation.yaml
Skipping Exp_IMU_Orientation_Test-m1_S004_seed42: Missing input/output vars in config.
[3/57] Evaluating Exp_IMU_Orientation_Test-m1_S011_seed42...

============================================================
[EVAL] Exp_IMU_Orientation_Test-m1_S011_seed42
[EVAL] Config: configs/Exp_IMU_Orientation.yaml
Skipping Exp_IMU_Orientation_Test-m1_S011_seed42: Missing input/output vars in config.
[4/57] Evaluating Exp_IMU_Orientation_Test-m2_S008_seed42...

============================================================
[EVAL] Exp_IMU_Orientation_Test-m2_S008_seed42
[EVAL] Config: configs/Exp_IMU_Orientation.yaml
Skipping Exp_IMU_Orientation_Test-m2_S008_seed42: Missing input/output vars in config.
[5/57] Evaluating baseline_Test-m1_S004_seed42...

============================================================
[EVAL] baseline_Test-m1_S004_seed42
[EVAL] Config: configs/baseline.yaml
[EVAL] Data: win_in=300, win_out=1, stride_train=5, stride_eval=1
[EVAL] est_tick_ranges=[5], lpf_cutoff=0.5, lpf_order=4
[EVAL] Loading Test Data for Subject m1_S004...
[DATA] Loading Multi-Source: keys=['m1_', 'm2_']
  -> Source 'm1_': ./combined_data_milestone1.h5 | Subs: 1
     Loaded 6 trials
[EVAL] Applying scaler from experiments/baseline_Test-m1_S004_seed42/scaler.npz (mean shape=(30,))
  [ERROR] Failed to evaluate baseline_Test-m1_S004_seed42: local variable 'model_norm_type' referenced before assignment
[6/57] Evaluating baseline_Test-m1_S011_seed42...

============================================================
[EVAL] baseline_Test-m1_S011_seed42
[EVAL] Config: configs/baseline.yaml
[EVAL] Data: win_in=300, win_out=1, stride_train=5, stride_eval=1
[EVAL] est_tick_ranges=[5], lpf_cutoff=0.5, lpf_order=4
[EVAL] Loading Test Data for Subject m1_S011...
[DATA] Loading Multi-Source: keys=['m1_', 'm2_']
  -> Source 'm1_': ./combined_data_milestone1.h5 | Subs: 1
     Loaded 6 trials
[EVAL] Applying scaler from experiments/baseline_Test-m1_S011_seed42/scaler.npz (mean shape=(30,))
  [ERROR] Failed to evaluate baseline_Test-m1_S011_seed42: local variable 'model_norm_type' referenced before assignment
[7/57] Evaluating baseline_Test-m2_S008_seed42...

============================================================
[EVAL] baseline_Test-m2_S008_seed42
[EVAL] Config: configs/baseline.yaml
[EVAL] Data: win_in=300, win_out=1, stride_train=5, stride_eval=1
[EVAL] est_tick_ranges=[5], lpf_cutoff=0.5, lpf_order=4
[EVAL] Loading Test Data for Subject m2_S008...
[DATA] Loading Multi-Source: keys=['m1_', 'm2_']
  -> Source 'm2_': ./combined_data.h5 | Subs: 1
     Loaded 20 trials
[EVAL] Applying scaler from experiments/baseline_Test-m2_S008_seed42/scaler.npz (mean shape=(30,))
  [ERROR] Failed to evaluate baseline_Test-m2_S008_seed42: local variable 'model_norm_type' referenced before assignment
[8/57] Evaluating exp_ar_feedback_k1_Test-m1_S004_seed42...

============================================================
[EVAL] exp_ar_feedback_k1_Test-m1_S004_seed42
[EVAL] Config: configs/exp_ar_feedback_k1.yaml
Skipping exp_ar_feedback_k1_Test-m1_S004_seed42: Missing input/output vars in config.
[9/57] Evaluating exp_ar_feedback_sched_Test-m1_S004_seed42...

============================================================
[EVAL] exp_ar_feedback_sched_Test-m1_S004_seed42
[EVAL] Config: configs/exp_ar_feedback_sched.yaml
Skipping exp_ar_feedback_sched_Test-m1_S004_seed42: Missing input/output vars in config.
[10/57] Evaluating exp_multistep_H05_Test-m1_S004_seed42...

============================================================
[EVAL] exp_multistep_H05_Test-m1_S004_seed42
[EVAL] Config: configs/exp_multistep_H05.yaml
Skipping exp_multistep_H05_Test-m1_S004_seed42: Missing input/output vars in config.
[11/57] Evaluating exp_multistep_H05_Test-m1_S011_seed42...

============================================================
[EVAL] exp_multistep_H05_Test-m1_S011_seed42
[EVAL] Config: configs/exp_multistep_H05.yaml
Skipping exp_multistep_H05_Test-m1_S011_seed42: Missing input/output vars in config.
[12/57] Evaluating exp_multistep_H05_Test-m2_S008_seed42...

============================================================
[EVAL] exp_multistep_H05_Test-m2_S008_seed42
[EVAL] Config: configs/exp_multistep_H05.yaml
Skipping exp_multistep_H05_Test-m2_S008_seed42: Missing input/output vars in config.
[13/57] Evaluating exp_multistep_H10_Test-m1_S004_seed42...

============================================================
[EVAL] exp_multistep_H10_Test-m1_S004_seed42
[EVAL] Config: configs/exp_multistep_H10.yaml
Skipping exp_multistep_H10_Test-m1_S004_seed42: Missing input/output vars in config.
[14/57] Evaluating exp_multistep_H10_Test-m1_S011_seed42...

============================================================
[EVAL] exp_multistep_H10_Test-m1_S011_seed42
[EVAL] Config: configs/exp_multistep_H10.yaml
Skipping exp_multistep_H10_Test-m1_S011_seed42: Missing input/output vars in config.
[15/57] Evaluating exp_multistep_H10_Test-m2_S008_seed42...

============================================================
[EVAL] exp_multistep_H10_Test-m2_S008_seed42
[EVAL] Config: configs/exp_multistep_H10.yaml
Skipping exp_multistep_H10_Test-m2_S008_seed42: Missing input/output vars in config.
[16/57] Evaluating exp_multistep_H10_ema_a090_Test-m1_S004_seed42...

============================================================
[EVAL] exp_multistep_H10_ema_a090_Test-m1_S004_seed42
[EVAL] Config: configs/exp_multistep_H10_ema_a090.yaml
Skipping exp_multistep_H10_ema_a090_Test-m1_S004_seed42: Missing input/output vars in config.
[17/57] Evaluating exp_multistep_H10_ema_a090_Test-m1_S011_seed42...

============================================================
[EVAL] exp_multistep_H10_ema_a090_Test-m1_S011_seed42
[EVAL] Config: configs/exp_multistep_H10_ema_a090.yaml
Skipping exp_multistep_H10_ema_a090_Test-m1_S011_seed42: Missing input/output vars in config.
[18/57] Evaluating exp_multistep_H10_ema_a090_Test-m2_S008_seed42...

============================================================
[EVAL] exp_multistep_H10_ema_a090_Test-m2_S008_seed42
[EVAL] Config: configs/exp_multistep_H10_ema_a090.yaml
Skipping exp_multistep_H10_ema_a090_Test-m2_S008_seed42: Missing input/output vars in config.
[19/57] Evaluating exp_multistep_H10_overlap_mean_Test-m1_S004_seed42...

============================================================
[EVAL] exp_multistep_H10_overlap_mean_Test-m1_S004_seed42
[EVAL] Config: configs/exp_multistep_H10_overlap_mean.yaml
Skipping exp_multistep_H10_overlap_mean_Test-m1_S004_seed42: Missing input/output vars in config.
[20/57] Evaluating exp_multistep_H10_overlap_mean_Test-m1_S011_seed42...

============================================================
[EVAL] exp_multistep_H10_overlap_mean_Test-m1_S011_seed42
[EVAL] Config: configs/exp_multistep_H10_overlap_mean.yaml
Skipping exp_multistep_H10_overlap_mean_Test-m1_S011_seed42: Missing input/output vars in config.
[21/57] Evaluating exp_multistep_H10_overlap_mean_Test-m2_S008_seed42...

============================================================
[EVAL] exp_multistep_H10_overlap_mean_Test-m2_S008_seed42
[EVAL] Config: configs/exp_multistep_H10_overlap_mean.yaml
Skipping exp_multistep_H10_overlap_mean_Test-m2_S008_seed42: Missing input/output vars in config.
[22/57] Evaluating exp_multistep_H10_overlap_median_Test-m1_S004_seed42...

============================================================
[EVAL] exp_multistep_H10_overlap_median_Test-m1_S004_seed42
[EVAL] Config: configs/exp_multistep_H10_overlap_median.yaml
Skipping exp_multistep_H10_overlap_median_Test-m1_S004_seed42: Missing input/output vars in config.
[23/57] Evaluating exp_multistep_H10_overlap_median_Test-m1_S011_seed42...

============================================================
[EVAL] exp_multistep_H10_overlap_median_Test-m1_S011_seed42
[EVAL] Config: configs/exp_multistep_H10_overlap_median.yaml
Skipping exp_multistep_H10_overlap_median_Test-m1_S011_seed42: Missing input/output vars in config.
[24/57] Evaluating exp_multistep_H10_overlap_median_Test-m2_S008_seed42...

============================================================
[EVAL] exp_multistep_H10_overlap_median_Test-m2_S008_seed42
[EVAL] Config: configs/exp_multistep_H10_overlap_median.yaml
Skipping exp_multistep_H10_overlap_median_Test-m2_S008_seed42: Missing input/output vars in config.
[25/57] Evaluating exp_multistep_H10_overlap_wmean_Test-m1_S004_seed42...

============================================================
[EVAL] exp_multistep_H10_overlap_wmean_Test-m1_S004_seed42
[EVAL] Config: configs/exp_multistep_H10_overlap_wmean.yaml
Skipping exp_multistep_H10_overlap_wmean_Test-m1_S004_seed42: Missing input/output vars in config.
[26/57] Evaluating exp_multistep_H10_overlap_wmean_Test-m1_S011_seed42...

============================================================
[EVAL] exp_multistep_H10_overlap_wmean_Test-m1_S011_seed42
[EVAL] Config: configs/exp_multistep_H10_overlap_wmean.yaml
Skipping exp_multistep_H10_overlap_wmean_Test-m1_S011_seed42: Missing input/output vars in config.
[27/57] Evaluating exp_multistep_H10_overlap_wmean_Test-m2_S008_seed42...

============================================================
[EVAL] exp_multistep_H10_overlap_wmean_Test-m2_S008_seed42
[EVAL] Config: configs/exp_multistep_H10_overlap_wmean.yaml
Skipping exp_multistep_H10_overlap_wmean_Test-m2_S008_seed42: Missing input/output vars in config.
[28/57] Evaluating exp_multistep_H10_smooth_lam001_Test-m1_S004_seed42...

============================================================
[EVAL] exp_multistep_H10_smooth_lam001_Test-m1_S004_seed42
[EVAL] Config: configs/exp_multistep_H10_smooth_lam001.yaml
Skipping exp_multistep_H10_smooth_lam001_Test-m1_S004_seed42: Missing input/output vars in config.
[29/57] Evaluating exp_multistep_H10_smooth_lam001_Test-m1_S011_seed42...

============================================================
[EVAL] exp_multistep_H10_smooth_lam001_Test-m1_S011_seed42
[EVAL] Config: configs/exp_multistep_H10_smooth_lam001.yaml
Skipping exp_multistep_H10_smooth_lam001_Test-m1_S011_seed42: Missing input/output vars in config.
[30/57] Evaluating exp_multistep_H10_smooth_lam001_Test-m2_S008_seed42...

============================================================
[EVAL] exp_multistep_H10_smooth_lam001_Test-m2_S008_seed42
[EVAL] Config: configs/exp_multistep_H10_smooth_lam001.yaml
Skipping exp_multistep_H10_smooth_lam001_Test-m2_S008_seed42: Missing input/output vars in config.
[31/57] Evaluating exp_multistep_H10_smooth_lam01_Test-m1_S004_seed42...

============================================================
[EVAL] exp_multistep_H10_smooth_lam01_Test-m1_S004_seed42
[EVAL] Config: configs/exp_multistep_H10_smooth_lam01.yaml
Skipping exp_multistep_H10_smooth_lam01_Test-m1_S004_seed42: Missing input/output vars in config.
[32/57] Evaluating exp_multistep_H10_smooth_lam01_Test-m1_S011_seed42...

============================================================
[EVAL] exp_multistep_H10_smooth_lam01_Test-m1_S011_seed42
[EVAL] Config: configs/exp_multistep_H10_smooth_lam01.yaml
Skipping exp_multistep_H10_smooth_lam01_Test-m1_S011_seed42: Missing input/output vars in config.
[33/57] Evaluating exp_multistep_H10_smooth_lam01_Test-m2_S008_seed42...

============================================================
[EVAL] exp_multistep_H10_smooth_lam01_Test-m2_S008_seed42
[EVAL] Config: configs/exp_multistep_H10_smooth_lam01.yaml
Skipping exp_multistep_H10_smooth_lam01_Test-m2_S008_seed42: Missing input/output vars in config.
[34/57] Evaluating exp_multistep_H10_smooth_lam05_Test-m1_S004_seed42...

============================================================
[EVAL] exp_multistep_H10_smooth_lam05_Test-m1_S004_seed42
[EVAL] Config: configs/exp_multistep_H10_smooth_lam05.yaml
Skipping exp_multistep_H10_smooth_lam05_Test-m1_S004_seed42: Missing input/output vars in config.
[35/57] Evaluating exp_multistep_H10_smooth_lam05_Test-m1_S011_seed42...

============================================================
[EVAL] exp_multistep_H10_smooth_lam05_Test-m1_S011_seed42
[EVAL] Config: configs/exp_multistep_H10_smooth_lam05.yaml
Skipping exp_multistep_H10_smooth_lam05_Test-m1_S011_seed42: Missing input/output vars in config.
[36/57] Evaluating exp_multistep_H10_smooth_lam05_Test-m2_S008_seed42...

============================================================
[EVAL] exp_multistep_H10_smooth_lam05_Test-m2_S008_seed42
[EVAL] Config: configs/exp_multistep_H10_smooth_lam05.yaml
Skipping exp_multistep_H10_smooth_lam05_Test-m2_S008_seed42: Missing input/output vars in config.
[37/57] Evaluating exp_multistep_H20_Test-m1_S004_seed42...

============================================================
[EVAL] exp_multistep_H20_Test-m1_S004_seed42
[EVAL] Config: configs/exp_multistep_H20.yaml
Skipping exp_multistep_H20_Test-m1_S004_seed42: Missing input/output vars in config.
[38/57] Evaluating exp_multistep_H20_Test-m1_S011_seed42...

============================================================
[EVAL] exp_multistep_H20_Test-m1_S011_seed42
[EVAL] Config: configs/exp_multistep_H20.yaml
Skipping exp_multistep_H20_Test-m1_S011_seed42: Missing input/output vars in config.
[39/57] Evaluating exp_multistep_H20_Test-m2_S008_seed42...

============================================================
[EVAL] exp_multistep_H20_Test-m2_S008_seed42
[EVAL] Config: configs/exp_multistep_H20.yaml
Skipping exp_multistep_H20_Test-m2_S008_seed42: Missing input/output vars in config.
[40/57] Evaluating exp_single_ema_a080_Test-m1_S004_seed42...

============================================================
[EVAL] exp_single_ema_a080_Test-m1_S004_seed42
[EVAL] Config: configs/exp_single_ema_a080.yaml
Skipping exp_single_ema_a080_Test-m1_S004_seed42: Missing input/output vars in config.
[41/57] Evaluating exp_single_ema_a080_Test-m1_S011_seed42...

============================================================
[EVAL] exp_single_ema_a080_Test-m1_S011_seed42
[EVAL] Config: configs/exp_single_ema_a080.yaml
Skipping exp_single_ema_a080_Test-m1_S011_seed42: Missing input/output vars in config.
[42/57] Evaluating exp_single_ema_a080_Test-m2_S008_seed42...

============================================================
[EVAL] exp_single_ema_a080_Test-m2_S008_seed42
[EVAL] Config: configs/exp_single_ema_a080.yaml
Skipping exp_single_ema_a080_Test-m2_S008_seed42: Missing input/output vars in config.
[43/57] Evaluating exp_single_ema_a090_Test-m1_S004_seed42...

============================================================
[EVAL] exp_single_ema_a090_Test-m1_S004_seed42
[EVAL] Config: configs/exp_single_ema_a090.yaml
Skipping exp_single_ema_a090_Test-m1_S004_seed42: Missing input/output vars in config.
[44/57] Evaluating exp_single_ema_a090_Test-m1_S011_seed42...

============================================================
[EVAL] exp_single_ema_a090_Test-m1_S011_seed42
[EVAL] Config: configs/exp_single_ema_a090.yaml
Skipping exp_single_ema_a090_Test-m1_S011_seed42: Missing input/output vars in config.
[45/57] Evaluating exp_single_ema_a090_Test-m2_S008_seed42...

============================================================
[EVAL] exp_single_ema_a090_Test-m2_S008_seed42
[EVAL] Config: configs/exp_single_ema_a090.yaml
Skipping exp_single_ema_a090_Test-m2_S008_seed42: Missing input/output vars in config.
[46/57] Evaluating exp_single_ema_a095_Test-m1_S004_seed42...

============================================================
[EVAL] exp_single_ema_a095_Test-m1_S004_seed42
[EVAL] Config: configs/exp_single_ema_a095.yaml
Skipping exp_single_ema_a095_Test-m1_S004_seed42: Missing input/output vars in config.
[47/57] Evaluating exp_single_ema_a095_Test-m1_S011_seed42...

============================================================
[EVAL] exp_single_ema_a095_Test-m1_S011_seed42
[EVAL] Config: configs/exp_single_ema_a095.yaml
Skipping exp_single_ema_a095_Test-m1_S011_seed42: Missing input/output vars in config.
[48/57] Evaluating exp_single_ema_a095_Test-m2_S008_seed42...

============================================================
[EVAL] exp_single_ema_a095_Test-m2_S008_seed42
[EVAL] Config: configs/exp_single_ema_a095.yaml
Skipping exp_single_ema_a095_Test-m2_S008_seed42: Missing input/output vars in config.
[49/57] Evaluating exp_tcn_gru_head_h32_Test-m1_S004_seed42...

============================================================
[EVAL] exp_tcn_gru_head_h32_Test-m1_S004_seed42
[EVAL] Config: configs/exp_tcn_gru_head_h32.yaml
Skipping exp_tcn_gru_head_h32_Test-m1_S004_seed42: Missing input/output vars in config.
[50/57] Evaluating exp_tcn_gru_head_h32_Test-m1_S011_seed42...

============================================================
[EVAL] exp_tcn_gru_head_h32_Test-m1_S011_seed42
[EVAL] Config: configs/exp_tcn_gru_head_h32.yaml
Skipping exp_tcn_gru_head_h32_Test-m1_S011_seed42: Missing input/output vars in config.
[51/57] Evaluating exp_tcn_gru_head_h32_Test-m2_S008_seed42...

============================================================
[EVAL] exp_tcn_gru_head_h32_Test-m2_S008_seed42
[EVAL] Config: configs/exp_tcn_gru_head_h32.yaml
Skipping exp_tcn_gru_head_h32_Test-m2_S008_seed42: Missing input/output vars in config.
[52/57] Evaluating exp_tcn_gru_head_h32_smooth_Test-m1_S004_seed42...

============================================================
[EVAL] exp_tcn_gru_head_h32_smooth_Test-m1_S004_seed42
[EVAL] Config: configs/exp_tcn_gru_head_h32_smooth.yaml
Skipping exp_tcn_gru_head_h32_smooth_Test-m1_S004_seed42: Missing input/output vars in config.
[53/57] Evaluating exp_tcn_gru_head_h32_smooth_Test-m1_S011_seed42...

============================================================
[EVAL] exp_tcn_gru_head_h32_smooth_Test-m1_S011_seed42
[EVAL] Config: configs/exp_tcn_gru_head_h32_smooth.yaml
Skipping exp_tcn_gru_head_h32_smooth_Test-m1_S011_seed42: Missing input/output vars in config.
[54/57] Evaluating exp_tcn_gru_head_h32_smooth_Test-m2_S008_seed42...

============================================================
[EVAL] exp_tcn_gru_head_h32_smooth_Test-m2_S008_seed42
[EVAL] Config: configs/exp_tcn_gru_head_h32_smooth.yaml
Skipping exp_tcn_gru_head_h32_smooth_Test-m2_S008_seed42: Missing input/output vars in config.
[55/57] Evaluating exp_tcn_gru_head_h64_Test-m1_S004_seed42...

============================================================
[EVAL] exp_tcn_gru_head_h64_Test-m1_S004_seed42
[EVAL] Config: configs/exp_tcn_gru_head_h64.yaml
Skipping exp_tcn_gru_head_h64_Test-m1_S004_seed42: Missing input/output vars in config.
[56/57] Evaluating exp_tcn_gru_head_h64_Test-m1_S011_seed42...

============================================================
[EVAL] exp_tcn_gru_head_h64_Test-m1_S011_seed42
[EVAL] Config: configs/exp_tcn_gru_head_h64.yaml
Skipping exp_tcn_gru_head_h64_Test-m1_S011_seed42: Missing input/output vars in config.
[57/57] Evaluating exp_tcn_gru_head_h64_Test-m2_S008_seed42...

============================================================
[EVAL] exp_tcn_gru_head_h64_Test-m2_S008_seed42
[EVAL] Config: configs/exp_tcn_gru_head_h64.yaml
Skipping exp_tcn_gru_head_h64_Test-m2_S008_seed42: Missing input/output vars in config.
No valid results collected.
